Llamado entrante metodo: GET, url: /articulos
Llamado entrante metodo: GET, url: /articulos
Llamado entrante metodo: GET, url: /articulos
Llamado entrante metodo: GET, url: /articulos
Llamado entrante metodo: GET, url: /articulos
Llamado entrante metodo: GET, url: /
Llamado entrante metodo: GET, url: /favicon.ico
Llamado entrante metodo: GET, url: /
Llamado entrante metodo: GET, url: /favicon.ico
Llamado entrante metodo: GET, url: /
Llamado entrante metodo: GET, url: /favicon.ico
Llamado entrante metodo: GET, url: /
Llamado entrante metodo: GET, url: /favicon.ico
Llamado entrante metodo: GET, url: /
Llamado entrante metodo: GET, url: /favicon.ico
Llamado entrante metodo: GET, url: /
Llamado entrante metodo: GET, url: /favicon.ico
Llamado entrante metodo: GET, url: /
Llamado entrante metodo: GET, url: /favicon.ico
Llamado entrante metodo: GET, url: /
Llamado entrante metodo: GET, url: /favicon.ico
Llamado entrante metodo: GET, url: /
Llamado entrante metodo: GET, url: /
Llamado entrante metodo: GET, url: /favicon.ico
Llamado entrante metodo: GET, url: /
Llamado entrante metodo: GET, url: /favicon.ico
Llamado entrante metodo: GET, url: /
Llamado entrante metodo: GET, url: /favicon.ico
Llamado entrante metodo: GET, url: /
Llamado entrante metodo: GET, url: /favicon.ico
Llamado entrante metodo: GET, url: /
Llamado entrante metodo: GET, url: /favicon.ico
Llamado entrante metodo: GET, url: /
Llamado entrante metodo: GET, url: /favicon.ico
Llamado entrante metodo: GET, url: /
Llamado entrante metodo: GET, url: /favicon.ico
Llamado entrante metodo: GET, url: /
Llamado entrante metodo: GET, url: /favicon.ico
Llamado entrante metodo: GET, url: /
Llamado entrante metodo: GET, url: /
Llamado entrante metodo: GET, url: /
Llamado entrante metodo: GET, url: /
Llamado entrante metodo: GET, url: /
Llamado entrante metodo: GET, url: /datos
Llamado entrante metodo: GET, url: /favicon.ico
Llamado entrante metodo: GET, url: /datos
Llamado entrante metodo: GET, url: /
Llamado entrante metodo: GET, url: /favicon.ico
Llamado entrante metodo: GET, url: /
Llamado entrante metodo: GET, url: /favicon.ico
Llamado entrante metodo: GET, url: /
Llamado entrante metodo: GET, url: /
Llamado entrante metodo: GET, url: /
Llamado entrante metodo: GET, url: /js/index.js
Llamado entrante metodo: GET, url: /favicon.ico
Llamado entrante metodo: GET, url: /
Llamado entrante metodo: GET, url: /js/index.js
Llamado entrante metodo: GET, url: /
Llamado entrante metodo: GET, url: /js/index.js
Llamado entrante metodo: GET, url: /favicon.ico
Llamado entrante metodo: GET, url: /
Llamado entrante metodo: GET, url: /js/index.js
Llamado entrante metodo: GET, url: /favicon.ico
Llamado entrante metodo: GET, url: /
Llamado entrante metodo: GET, url: /js/index.js
Llamado entrante metodo: GET, url: /favicon.ico
Llamado entrante metodo: GET, url: /
Llamado entrante metodo: GET, url: /js/index.js
Llamado entrante metodo: GET, url: /favicon.ico
Llamado entrante metodo: GET, url: /
Llamado entrante metodo: GET, url: /favicon.ico
Llamado entrante metodo: GET, url: /
Llamado entrante metodo: GET, url: /
Llamado entrante metodo: GET, url: /favicon.ico
